2025-02-06 03:31:19.170 | INFO     | mav_scraper.slender.slender:info:39 - Replacing previously stored shape for train_number=552519, elvira_id=7597128_250206 with the newer version.
2025-02-06 03:31:21.168 | INFO     | mav_scraper.slender.slender:info:39 - Replacing previously stored shape for train_number=552520, elvira_id=7597002_250206 with the newer version.
2025-02-06 03:31:23.208 | INFO     | mav_scraper.slender.slender:info:39 - Replacing previously stored shape for train_number=552529, elvira_id=7597132_250206 with the newer version.
2025-02-06 03:31:25.198 | INFO     | mav_scraper.slender.slender:info:39 - Replacing previously stored shape for train_number=552539, elvira_id=7597139_250206 with the newer version.
2025-02-06 03:31:27.222 | INFO     | mav_scraper.slender.slender:info:39 - Replacing previously stored shape for train_number=552619, elvira_id=7610138_250206 with the newer version.
2025-02-06 03:31:29.269 | INFO     | mav_scraper.slender.slender:info:39 - Replacing previously stored shape for train_number=552629, elvira_id=7610140_250206 with the newer version.
2025-02-06 03:31:30.893 | INFO     | mav_scraper.slender.slender:info:39 - Adding new shape for train_number=552659, elvira_id=7610145_250206.
2025-02-06 03:31:32.595 | INFO     | mav_scraper.slender.slender:info:39 - Adding new shape for train_number=552710, elvira_id=7597683_250206.
2025-02-06 03:31:34.699 | INFO     | mav_scraper.slender.slender:info:39 - Replacing previously stored shape for train_number=552829, elvira_id=7610141_250206 with the newer version.
2025-02-06 03:31:36.667 | INFO     | mav_scraper.slender.slender:info:39 - Replacing previously stored shape for train_number=552909, elvira_id=7580030_250206 with the newer version.
2025-02-06 03:31:38.693 | INFO     | mav_scraper.slender.slender:info:39 - Replacing previously stored shape for train_number=552910, elvira_id=7580031_250206 with the newer version.
2025-02-06 03:31:40.706 | INFO     | mav_scraper.slender.slender:info:39 - Replacing previously stored shape for train_number=552919, elvira_id=7580040_250206 with the newer version.
2025-02-06 03:31:42.743 | INFO     | mav_scraper.slender.slender:info:39 - Replacing previously stored shape for train_number=552929, elvira_id=7580050_250206 with the newer version.
2025-02-06 03:31:44.812 | INFO     | mav_scraper.slender.slender:info:39 - Replacing previously stored shape for train_number=552959, elvira_id=7582839_250206 with the newer version.
2025-02-06 03:31:46.854 | INFO     | mav_scraper.slender.slender:info:39 - Replacing previously stored shape for train_number=553029, elvira_id=7608743_250206 with the newer version.
2025-02-06 03:31:48.854 | INFO     | mav_scraper.slender.slender:info:39 - Replacing previously stored shape for train_number=553039, elvira_id=7617885_250206 with the newer version.
2025-02-06 03:31:50.523 | INFO     | mav_scraper.slender.slender:info:39 - Adding new shape for train_number=553110, elvira_id=7608223_250206.
2025-02-06 03:31:52.664 | INFO     | mav_scraper.slender.slender:info:39 - Replacing previously stored shape for train_number=553119, elvira_id=7608935_250206 with the newer version.
2025-02-06 03:31:54.294 | INFO     | mav_scraper.slender.slender:info:39 - Adding new shape for train_number=5531910, elvira_id=7599615_250206.
2025-02-06 03:31:56.301 | INFO     | mav_scraper.slender.slender:info:39 - Replacing previously stored shape for train_number=5532210, elvira_id=7596775_250206 with the newer version.
2025-02-06 03:31:58.269 | INFO     | mav_scraper.slender.slender:info:39 - Replacing previously stored shape for train_number=5532219, elvira_id=7597459_250206 with the newer version.
2025-02-06 03:32:00.229 | INFO     | mav_scraper.slender.slender:info:39 - Replacing previously stored shape for train_number=5532229, elvira_id=7597477_250206 with the newer version.
2025-02-06 03:32:02.319 | INFO     | mav_scraper.slender.slender:info:39 - Replacing previously stored shape for train_number=5532419, elvira_id=7950293_250206 with the newer version.
2025-02-06 03:32:04.460 | INFO     | mav_scraper.slender.slender:info:39 - Replacing previously stored shape for train_number=5532430, elvira_id=7600245_250206 with the newer version.
2025-02-06 03:32:06.381 | INFO     | mav_scraper.slender.slender:info:39 - Replacing previously stored shape for train_number=5533010, elvira_id=7596786_250206 with the newer version.
2025-02-06 03:32:07.947 | INFO     | mav_scraper.slender.slender:info:39 - Adding new shape for train_number=5533013, elvira_id=7597426_250206.
2025-02-06 03:32:09.941 | INFO     | mav_scraper.slender.slender:info:39 - Replacing previously stored shape for train_number=553310, elvira_id=7598502_250206 with the newer version.
2025-02-06 03:32:11.967 | INFO     | mav_scraper.slender.slender:info:39 - Replacing previously stored shape for train_number=553319, elvira_id=7598754_250206 with the newer version.
2025-02-06 03:32:14.009 | INFO     | mav_scraper.slender.slender:info:39 - Replacing previously stored shape for train_number=553320, elvira_id=7598503_250206 with the newer version.
2025-02-06 03:32:16.054 | INFO     | mav_scraper.slender.slender:info:39 - Replacing previously stored shape for train_number=553329, elvira_id=7598766_250206 with the newer version.
2025-02-06 03:32:18.037 | INFO     | mav_scraper.slender.slender:info:39 - Replacing previously stored shape for train_number=553339, elvira_id=7598769_250206 with the newer version.
2025-02-06 03:32:20.083 | INFO     | mav_scraper.slender.slender:info:39 - Replacing previously stored shape for train_number=553349, elvira_id=7598771_250206 with the newer version.
2025-02-06 03:32:22.108 | INFO     | mav_scraper.slender.slender:info:39 - Replacing previously stored shape for train_number=5533519, elvira_id=7596745_250206 with the newer version.
2025-02-06 03:32:23.712 | INFO     | mav_scraper.slender.slender:info:39 - Adding new shape for train_number=5534110, elvira_id=7577457_250206.
2025-02-06 03:32:25.829 | INFO     | mav_scraper.slender.slender:info:39 - Replacing previously stored shape for train_number=55346, elvira_id=8018482_250205 with the newer version.
2025-02-06 03:32:27.832 | INFO     | mav_scraper.slender.slender:info:39 - Replacing previously stored shape for train_number=5534719, elvira_id=7608989_250206 with the newer version.
2025-02-06 03:32:29.822 | INFO     | mav_scraper.slender.slender:info:39 - Replacing previously stored shape for train_number=553519, elvira_id=7621683_250206 with the newer version.
2025-02-06 03:32:31.444 | INFO     | mav_scraper.slender.slender:info:39 - Adding new shape for train_number=5535210, elvira_id=7583287_250206.
2025-02-06 03:32:33.054 | INFO     | mav_scraper.slender.slender:info:39 - Adding new shape for train_number=5535410, elvira_id=8330445_250206.
2025-02-06 03:32:35.069 | INFO     | mav_scraper.slender.slender:info:39 - Replacing previously stored shape for train_number=5535419, elvira_id=8330341_250206 with the newer version.
2025-02-06 03:32:37.047 | INFO     | mav_scraper.slender.slender:info:39 - Replacing previously stored shape for train_number=5535710, elvira_id=7620963_250206 with the newer version.
2025-02-06 03:32:39.061 | INFO     | mav_scraper.slender.slender:info:39 - Replacing previously stored shape for train_number=5535719, elvira_id=7621001_250206 with the newer version.
2025-02-06 03:32:41.076 | INFO     | mav_scraper.slender.slender:info:39 - Replacing previously stored shape for train_number=5536010, elvira_id=7618453_250206 with the newer version.
2025-02-06 03:32:43.169 | INFO     | mav_scraper.slender.slender:info:39 - Replacing previously stored shape for train_number=5536019, elvira_id=7620968_250206 with the newer version.
2025-02-06 03:32:45.251 | INFO     | mav_scraper.slender.slender:info:39 - Replacing previously stored shape for train_number=553619, elvira_id=7598725_250206 with the newer version.
2025-02-06 03:32:47.253 | INFO     | mav_scraper.slender.slender:info:39 - Replacing previously stored shape for train_number=553629, elvira_id=7598728_250206 with the newer version.
2025-02-06 03:32:48.813 | INFO     | mav_scraper.slender.slender:info:39 - Adding new shape for train_number=5536320, elvira_id=7597152_250206.
2025-02-06 03:32:50.794 | INFO     | mav_scraper.slender.slender:info:39 - Replacing previously stored shape for train_number=5536410, elvira_id=7597414_250206 with the newer version.
2025-02-06 03:32:52.811 | INFO     | mav_scraper.slender.slender:info:39 - Replacing previously stored shape for train_number=5536510, elvira_id=7624257_250206 with the newer version.
2025-02-06 03:32:54.832 | INFO     | mav_scraper.slender.slender:info:39 - Replacing previously stored shape for train_number=5536719, elvira_id=7623354_250206 with the newer version.
2025-02-06 03:32:56.858 | INFO     | mav_scraper.slender.slender:info:39 - Replacing previously stored shape for train_number=5536810, elvira_id=7622222_250206 with the newer version.
2025-02-06 03:32:58.832 | INFO     | mav_scraper.slender.slender:info:39 - Replacing previously stored shape for train_number=5536819, elvira_id=7622288_250206 with the newer version.
2025-02-06 03:33:00.849 | INFO     | mav_scraper.slender.slender:info:39 - Replacing previously stored shape for train_number=5536829, elvira_id=7622221_250206 with the newer version.
2025-02-06 03:33:02.864 | INFO     | mav_scraper.slender.slender:info:39 - Replacing previously stored shape for train_number=5537019, elvira_id=7597304_250206 with the newer version.
2025-02-06 03:33:04.533 | INFO     | mav_scraper.slender.slender:info:39 - Adding new shape for train_number=5537039, elvira_id=7596777_250206.
2025-02-06 03:33:06.558 | INFO     | mav_scraper.slender.slender:info:39 - Replacing previously stored shape for train_number=5537110, elvira_id=7600327_250206 with the newer version.
2025-02-06 03:33:08.526 | INFO     | mav_scraper.slender.slender:info:39 - Replacing previously stored shape for train_number=5537120, elvira_id=7596790_250206 with the newer version.
2025-02-06 03:33:10.136 | INFO     | mav_scraper.slender.slender:info:39 - Adding new shape for train_number=5537359, elvira_id=7597450_250206.
2025-02-06 03:33:12.148 | INFO     | mav_scraper.slender.slender:info:39 - Replacing previously stored shape for train_number=5537419, elvira_id=7599804_250206 with the newer version.
2025-02-06 03:33:13.757 | INFO     | mav_scraper.slender.slender:info:39 - Adding new shape for train_number=5537510, elvira_id=7583656_250206.
2025-02-06 03:33:15.770 | INFO     | mav_scraper.slender.slender:info:39 - Replacing previously stored shape for train_number=5537619, elvira_id=7596782_250206 with the newer version.
2025-02-06 03:33:17.478 | INFO     | mav_scraper.slender.slender:info:39 - Adding new shape for train_number=5537629, elvira_id=7598823_250206.
2025-02-06 03:33:19.595 | INFO     | mav_scraper.slender.slender:info:39 - Replacing previously stored shape for train_number=5537710, elvira_id=7596780_250206 with the newer version.
2025-02-06 03:33:21.577 | INFO     | mav_scraper.slender.slender:info:39 - Replacing previously stored shape for train_number=5538210, elvira_id=7598682_250206 with the newer version.
2025-02-06 03:33:23.566 | INFO     | mav_scraper.slender.slender:info:39 - Replacing previously stored shape for train_number=5538310, elvira_id=7609544_250206 with the newer version.
2025-02-06 03:33:25.535 | INFO     | mav_scraper.slender.slender:info:39 - Replacing previously stored shape for train_number=5538319, elvira_id=7609802_250206 with the newer version.
2025-02-06 03:33:27.498 | INFO     | mav_scraper.slender.slender:info:39 - Replacing previously stored shape for train_number=5538719, elvira_id=7598719_250206 with the newer version.
2025-02-06 03:33:29.536 | INFO     | mav_scraper.slender.slender:info:39 - Replacing previously stored shape for train_number=5538819, elvira_id=7597544_250206 with the newer version.
2025-02-06 03:33:31.549 | INFO     | mav_scraper.slender.slender:info:39 - Replacing previously stored shape for train_number=5539549, elvira_id=7599686_250206 with the newer version.
2025-02-06 03:33:33.547 | INFO     | mav_scraper.slender.slender:info:39 - Replacing previously stored shape for train_number=4339810, elvira_id=7609030_250206 with the newer version.
2025-02-06 03:33:35.141 | INFO     | mav_scraper.slender.slender:info:39 - Adding new shape for train_number=4339830, elvira_id=7600411_250206.
2025-02-06 03:33:36.786 | INFO     | mav_scraper.slender.slender:info:39 - Adding new shape for train_number=4339849, elvira_id=7609058_250206.
2025-02-06 03:33:38.891 | INFO     | mav_scraper.slender.slender:info:39 - Replacing previously stored shape for train_number=4339919, elvira_id=7573410_250206 with the newer version.
2025-02-06 03:33:40.528 | INFO     | mav_scraper.slender.slender:info:39 - Adding new shape for train_number=554119, elvira_id=7622973_250206.
2025-02-06 03:33:42.606 | INFO     | mav_scraper.slender.slender:info:39 - Replacing previously stored shape for train_number=554120, elvira_id=7622567_250206 with the newer version.
2025-02-06 03:33:44.200 | INFO     | mav_scraper.slender.slender:info:39 - Adding new shape for train_number=554209, elvira_id=7622867_250206.
2025-02-06 03:33:46.190 | INFO     | mav_scraper.slender.slender:info:39 - Replacing previously stored shape for train_number=554219, elvira_id=8330274_250206 with the newer version.
2025-02-06 03:33:47.796 | INFO     | mav_scraper.slender.slender:info:39 - Adding new shape for train_number=554250, elvira_id=7622450_250206.
2025-02-06 03:33:49.805 | INFO     | mav_scraper.slender.slender:info:39 - Replacing previously stored shape for train_number=554529, elvira_id=7621988_250206 with the newer version.
2025-02-06 03:33:51.432 | INFO     | mav_scraper.slender.slender:info:39 - Adding new shape for train_number=554610, elvira_id=7609479_250206.
2025-02-06 03:33:53.457 | INFO     | mav_scraper.slender.slender:info:39 - Replacing previously stored shape for train_number=554819, elvira_id=7599995_250206 with the newer version.
2025-02-06 03:33:55.504 | INFO     | mav_scraper.slender.slender:info:39 - Replacing previously stored shape for train_number=554829, elvira_id=7597350_250206 with the newer version.
2025-02-06 03:33:57.551 | INFO     | mav_scraper.slender.slender:info:39 - Replacing previously stored shape for train_number=554909, elvira_id=7599997_250206 with the newer version.
2025-02-06 03:33:59.596 | INFO     | mav_scraper.slender.slender:info:39 - Replacing previously stored shape for train_number=554910, elvira_id=7599999_250206 with the newer version.
2025-02-06 03:34:01.182 | INFO     | mav_scraper.slender.slender:info:39 - Adding new shape for train_number=554920, elvira_id=7600009_250206.
2025-02-06 03:34:02.773 | INFO     | mav_scraper.slender.slender:info:39 - Adding new shape for train_number=554999, elvira_id=7608194_250206.
2025-02-06 03:34:04.777 | INFO     | mav_scraper.slender.slender:info:39 - Replacing previously stored shape for train_number=555009, elvira_id=7617925_250206 with the newer version.
2025-02-06 03:34:06.777 | INFO     | mav_scraper.slender.slender:info:39 - Replacing previously stored shape for train_number=555010, elvira_id=7604869_250206 with the newer version.
2025-02-06 03:34:08.367 | INFO     | mav_scraper.slender.slender:info:39 - Adding new shape for train_number=555020, elvira_id=7606213_250206.
2025-02-06 03:34:10.429 | INFO     | mav_scraper.slender.slender:info:39 - Replacing previously stored shape for train_number=555029, elvira_id=7617911_250206 with the newer version.
2025-02-06 03:34:12.455 | INFO     | mav_scraper.slender.slender:info:39 - Replacing previously stored shape for train_number=555039, elvira_id=7619329_250206 with the newer version.
2025-02-06 03:34:14.504 | INFO     | mav_scraper.slender.slender:info:39 - Replacing previously stored shape for train_number=555040, elvira_id=7608718_250206 with the newer version.
2025-02-06 03:34:16.512 | INFO     | mav_scraper.slender.slender:info:39 - Replacing previously stored shape for train_number=555119, elvira_id=7598039_250206 with the newer version.
2025-02-06 03:34:18.509 | INFO     | mav_scraper.slender.slender:info:39 - Replacing previously stored shape for train_number=555130, elvira_id=7698672_250206 with the newer version.
2025-02-06 03:34:20.507 | INFO     | mav_scraper.slender.slender:info:39 - Replacing previously stored shape for train_number=555159, elvira_id=7598063_250206 with the newer version.
2025-02-06 03:34:22.535 | INFO     | mav_scraper.slender.slender:info:39 - Replacing previously stored shape for train_number=555209, elvira_id=7619368_250206 with the newer version.
2025-02-06 03:34:24.579 | INFO     | mav_scraper.slender.slender:info:39 - Replacing previously stored shape for train_number=555210, elvira_id=7599695_250206 with the newer version.
2025-02-06 03:34:26.577 | INFO     | mav_scraper.slender.slender:info:39 - Replacing previously stored shape for train_number=555220, elvira_id=7864164_250206 with the newer version.
2025-02-06 03:34:28.644 | INFO     | mav_scraper.slender.slender:info:39 - Replacing previously stored shape for train_number=555310, elvira_id=7621376_250206 with the newer version.
2025-02-06 03:34:30.668 | INFO     | mav_scraper.slender.slender:info:39 - Replacing previously stored shape for train_number=555319, elvira_id=7621383_250206 with the newer version.
2025-02-06 03:34:32.288 | INFO     | mav_scraper.slender.slender:info:39 - Adding new shape for train_number=555320, elvira_id=7621480_250206.
2025-02-06 03:34:34.316 | INFO     | mav_scraper.slender.slender:info:39 - Replacing previously stored shape for train_number=555419, elvira_id=7599943_250206 with the newer version.
2025-02-06 03:34:35.938 | INFO     | mav_scraper.slender.slender:info:39 - Adding new shape for train_number=555510, elvira_id=7620765_250206.
2025-02-06 03:34:37.972 | INFO     | mav_scraper.slender.slender:info:39 - Replacing previously stored shape for train_number=555520, elvira_id=7620767_250206 with the newer version.
2025-02-06 03:34:39.970 | INFO     | mav_scraper.slender.slender:info:39 - Replacing previously stored shape for train_number=555710, elvira_id=7619336_250206 with the newer version.
2025-02-06 03:34:41.963 | INFO     | mav_scraper.slender.slender:info:39 - Replacing previously stored shape for train_number=555719, elvira_id=7619398_250206 with the newer version.
2025-02-06 03:34:43.969 | INFO     | mav_scraper.slender.slender:info:39 - Replacing previously stored shape for train_number=555810, elvira_id=7583253_250206 with the newer version.
2025-02-06 03:34:46.009 | INFO     | mav_scraper.slender.slender:info:39 - Replacing previously stored shape for train_number=555819, elvira_id=7583339_250206 with the newer version.
2025-02-06 03:34:48.008 | INFO     | mav_scraper.slender.slender:info:39 - Replacing previously stored shape for train_number=555829, elvira_id=7583340_250206 with the newer version.
2025-02-06 03:34:50.015 | INFO     | mav_scraper.slender.slender:info:39 - Replacing previously stored shape for train_number=556009, elvira_id=7940965_250206 with the newer version.
2025-02-06 03:34:52.016 | INFO     | mav_scraper.slender.slender:info:39 - Replacing previously stored shape for train_number=556010, elvira_id=7623133_250206 with the newer version.
2025-02-06 03:34:54.055 | INFO     | mav_scraper.slender.slender:info:39 - Replacing previously stored shape for train_number=556019, elvira_id=7940979_250206 with the newer version.
2025-02-06 03:34:56.057 | INFO     | mav_scraper.slender.slender:info:39 - Replacing previously stored shape for train_number=556020, elvira_id=7622877_250206 with the newer version.
2025-02-06 03:34:58.159 | INFO     | mav_scraper.slender.slender:info:39 - Replacing previously stored shape for train_number=556029, elvira_id=7940975_250206 with the newer version.
2025-02-06 03:35:00.201 | INFO     | mav_scraper.slender.slender:info:39 - Replacing previously stored shape for train_number=556110, elvira_id=7622580_250206 with the newer version.
2025-02-06 03:35:02.245 | INFO     | mav_scraper.slender.slender:info:39 - Replacing previously stored shape for train_number=556119, elvira_id=7622985_250206 with the newer version.
2025-02-06 03:35:03.842 | INFO     | mav_scraper.slender.slender:info:39 - Adding new shape for train_number=556120, elvira_id=7622875_250206.
2025-02-06 03:35:05.489 | INFO     | mav_scraper.slender.slender:info:39 - Adding new shape for train_number=556130, elvira_id=7622876_250206.
2025-02-06 03:35:07.562 | INFO     | mav_scraper.slender.slender:info:39 - Replacing previously stored shape for train_number=556140, elvira_id=7622880_250206 with the newer version.
2025-02-06 03:35:09.533 | INFO     | mav_scraper.slender.slender:info:39 - Replacing previously stored shape for train_number=55619, elvira_id=7623002_250206 with the newer version.
2025-02-06 03:35:11.536 | INFO     | mav_scraper.slender.slender:info:39 - Replacing previously stored shape for train_number=556219, elvira_id=7622994_250206 with the newer version.
2025-02-06 03:35:13.139 | INFO     | mav_scraper.slender.slender:info:39 - Adding new shape for train_number=556220, elvira_id=7622701_250206.
2025-02-06 03:35:15.164 | INFO     | mav_scraper.slender.slender:info:39 - Replacing previously stored shape for train_number=556319, elvira_id=7621426_250206 with the newer version.
2025-02-06 03:35:17.171 | INFO     | mav_scraper.slender.slender:info:39 - Replacing previously stored shape for train_number=556329, elvira_id=7621435_250206 with the newer version.
2025-02-06 03:35:19.173 | INFO     | mav_scraper.slender.slender:info:39 - Replacing previously stored shape for train_number=556419, elvira_id=7588389_250206 with the newer version.
2025-02-06 03:35:20.775 | INFO     | mav_scraper.slender.slender:info:39 - Adding new shape for train_number=55642, elvira_id=8020711_250206.
2025-02-06 03:35:22.793 | INFO     | mav_scraper.slender.slender:info:39 - Replacing previously stored shape for train_number=556610, elvira_id=7609149_250206 with the newer version.
2025-02-06 03:35:24.816 | INFO     | mav_scraper.slender.slender:info:39 - Replacing previously stored shape for train_number=556619, elvira_id=7609146_250206 with the newer version.
2025-02-06 03:35:26.453 | INFO     | mav_scraper.slender.slender:info:39 - Adding new shape for train_number=556629, elvira_id=7699202_250206.
2025-02-06 03:35:28.179 | INFO     | mav_scraper.slender.slender:info:39 - Adding new shape for train_number=556630, elvira_id=7609135_250206.
2025-02-06 03:35:30.296 | INFO     | mav_scraper.slender.slender:info:39 - Replacing previously stored shape for train_number=556819, elvira_id=7596970_250206 with the newer version.
2025-02-06 03:35:32.258 | INFO     | mav_scraper.slender.slender:info:39 - Replacing previously stored shape for train_number=55682, elvira_id=7622878_250206 with the newer version.
2025-02-06 03:35:34.295 | INFO     | mav_scraper.slender.slender:info:39 - Replacing previously stored shape for train_number=557029, elvira_id=7964400_250206 with the newer version.
2025-02-06 03:35:36.329 | INFO     | mav_scraper.slender.slender:info:39 - Replacing previously stored shape for train_number=557030, elvira_id=7600287_250206 with the newer version.
2025-02-06 03:35:37.922 | INFO     | mav_scraper.slender.slender:info:39 - Adding new shape for train_number=55719, elvira_id=7950326_250206.
2025-02-06 03:35:39.514 | INFO     | mav_scraper.slender.slender:info:39 - Adding new shape for train_number=55720, elvira_id=7600291_250206.
2025-02-06 03:35:41.554 | INFO     | mav_scraper.slender.slender:info:39 - Replacing previously stored shape for train_number=557219, elvira_id=7599602_250206 with the newer version.
2025-02-06 03:35:43.143 | INFO     | mav_scraper.slender.slender:info:39 - Adding new shape for train_number=557229, elvira_id=7599624_250206.
2025-02-06 03:35:45.178 | INFO     | mav_scraper.slender.slender:info:39 - Replacing previously stored shape for train_number=557240, elvira_id=7599282_250206 with the newer version.
2025-02-06 03:35:47.217 | INFO     | mav_scraper.slender.slender:info:39 - Replacing previously stored shape for train_number=557429, elvira_id=7596889_250206 with the newer version.
2025-02-06 03:35:48.934 | INFO     | mav_scraper.slender.slender:info:39 - Adding new shape for train_number=557509, elvira_id=7596894_250206.
2025-02-06 03:35:51.006 | INFO     | mav_scraper.slender.slender:info:39 - Replacing previously stored shape for train_number=557540, elvira_id=7596834_250206 with the newer version.
2025-02-06 03:35:52.610 | INFO     | mav_scraper.slender.slender:info:39 - Adding new shape for train_number=557720, elvira_id=7834684_250206.
2025-02-06 03:35:54.621 | INFO     | mav_scraper.slender.slender:info:39 - Replacing previously stored shape for train_number=557729, elvira_id=7834715_250206 with the newer version.
2025-02-06 03:35:56.611 | INFO     | mav_scraper.slender.slender:info:39 - Replacing previously stored shape for train_number=557810, elvira_id=7943920_250206 with the newer version.
2025-02-06 03:35:58.649 | INFO     | mav_scraper.slender.slender:info:39 - Replacing previously stored shape for train_number=557829, elvira_id=8334176_250206 with the newer version.
2025-02-06 03:36:00.640 | INFO     | mav_scraper.slender.slender:info:39 - Replacing previously stored shape for train_number=558030, elvira_id=7621366_250206 with the newer version.
2025-02-06 03:36:02.666 | INFO     | mav_scraper.slender.slender:info:39 - Replacing previously stored shape for train_number=558050, elvira_id=7609315_250206 with the newer version.
2025-02-06 03:36:04.711 | INFO     | mav_scraper.slender.slender:info:39 - Replacing previously stored shape for train_number=558059, elvira_id=7609472_250206 with the newer version.
2025-02-06 03:36:06.722 | INFO     | mav_scraper.slender.slender:info:39 - Replacing previously stored shape for train_number=558099, elvira_id=7622852_250206 with the newer version.
2025-02-06 03:36:08.732 | INFO     | mav_scraper.slender.slender:info:39 - Replacing previously stored shape for train_number=558210, elvira_id=7609008_250206 with the newer version.
2025-02-06 03:36:10.734 | INFO     | mav_scraper.slender.slender:info:39 - Replacing previously stored shape for train_number=558219, elvira_id=7609059_250206 with the newer version.
2025-02-06 03:36:12.775 | INFO     | mav_scraper.slender.slender:info:39 - Replacing previously stored shape for train_number=558229, elvira_id=7609065_250206 with the newer version.
2025-02-06 03:36:14.790 | INFO     | mav_scraper.slender.slender:info:39 - Replacing previously stored shape for train_number=558259, elvira_id=7609067_250206 with the newer version.
2025-02-06 03:36:16.818 | INFO     | mav_scraper.slender.slender:info:39 - Replacing previously stored shape for train_number=558300, elvira_id=7608897_250206 with the newer version.
2025-02-06 03:36:18.847 | INFO     | mav_scraper.slender.slender:info:39 - Replacing previously stored shape for train_number=558309, elvira_id=7608934_250206 with the newer version.
2025-02-06 03:36:20.890 | INFO     | mav_scraper.slender.slender:info:39 - Replacing previously stored shape for train_number=558310, elvira_id=7608895_250206 with the newer version.
2025-02-06 03:36:22.888 | INFO     | mav_scraper.slender.slender:info:39 - Replacing previously stored shape for train_number=558319, elvira_id=7608931_250206 with the newer version.
2025-02-06 03:36:24.448 | INFO     | mav_scraper.slender.slender:info:39 - Adding new shape for train_number=55849, elvira_id=7620788_250206.
2025-02-06 03:36:26.038 | INFO     | mav_scraper.slender.slender:info:39 - Adding new shape for train_number=558550, elvira_id=7619210_250206.
2025-02-06 03:36:28.032 | INFO     | mav_scraper.slender.slender:info:39 - Replacing previously stored shape for train_number=558559, elvira_id=7620772_250206 with the newer version.
2025-02-06 03:36:29.651 | INFO     | mav_scraper.slender.slender:info:39 - Adding new shape for train_number=558569, elvira_id=7622502_250206.
2025-02-06 03:36:31.276 | INFO     | mav_scraper.slender.slender:info:39 - Adding new shape for train_number=558609, elvira_id=7620781_250206.
2025-02-06 03:36:33.279 | INFO     | mav_scraper.slender.slender:info:39 - Replacing previously stored shape for train_number=558710, elvira_id=7619220_250206 with the newer version.
2025-02-06 03:36:35.275 | INFO     | mav_scraper.slender.slender:info:39 - Replacing previously stored shape for train_number=558729, elvira_id=7620769_250206 with the newer version.
2025-02-06 03:36:37.283 | INFO     | mav_scraper.slender.slender:info:39 - Replacing previously stored shape for train_number=558830, elvira_id=7621369_250206 with the newer version.
2025-02-06 03:36:39.276 | INFO     | mav_scraper.slender.slender:info:39 - Replacing previously stored shape for train_number=558839, elvira_id=7621412_250206 with the newer version.
2025-02-06 03:36:41.264 | INFO     | mav_scraper.slender.slender:info:39 - Replacing previously stored shape for train_number=558910, elvira_id=7622470_250206 with the newer version.
2025-02-06 03:36:42.904 | INFO     | mav_scraper.slender.slender:info:39 - Adding new shape for train_number=558919, elvira_id=7622504_250206.
2025-02-06 03:36:44.946 | INFO     | mav_scraper.slender.slender:info:39 - Replacing previously stored shape for train_number=558950, elvira_id=7622467_250206 with the newer version.
2025-02-06 03:36:46.970 | INFO     | mav_scraper.slender.slender:info:39 - Replacing previously stored shape for train_number=558960, elvira_id=7950291_250206 with the newer version.
2025-02-06 03:36:48.918 | INFO     | mav_scraper.slender.slender:info:39 - Replacing previously stored shape for train_number=559, elvira_id=8328056_250205 with the newer version.
2025-02-06 03:36:50.946 | INFO     | mav_scraper.slender.slender:info:39 - Replacing previously stored shape for train_number=559009, elvira_id=8485645_250206 with the newer version.
2025-02-06 03:36:53.027 | INFO     | mav_scraper.slender.slender:info:39 - Replacing previously stored shape for train_number=559010, elvira_id=7609089_250206 with the newer version.
2025-02-06 03:36:55.071 | INFO     | mav_scraper.slender.slender:info:39 - Replacing previously stored shape for train_number=439030, elvira_id=7575150_250206 with the newer version.
2025-02-06 03:36:56.678 | INFO     | mav_scraper.slender.slender:info:39 - Adding new shape for train_number=439039, elvira_id=7576887_250206.
2025-02-06 03:36:58.323 | INFO     | mav_scraper.slender.slender:info:39 - Adding new shape for train_number=439110, elvira_id=7600324_250206.
2025-02-06 03:36:59.969 | INFO     | mav_scraper.slender.slender:info:39 - Adding new shape for train_number=439119, elvira_id=7600392_250206.
2025-02-06 03:37:02.007 | INFO     | mav_scraper.slender.slender:info:39 - Replacing previously stored shape for train_number=439150, elvira_id=7597607_250206 with the newer version.
2025-02-06 03:37:03.674 | INFO     | mav_scraper.slender.slender:info:39 - Adding new shape for train_number=439159, elvira_id=7599595_250206.
2025-02-06 03:37:05.751 | INFO     | mav_scraper.slender.slender:info:39 - Replacing previously stored shape for train_number=439169, elvira_id=7599598_250206 with the newer version.
2025-02-06 03:37:07.796 | INFO     | mav_scraper.slender.slender:info:39 - Replacing previously stored shape for train_number=559219, elvira_id=7599899_250206 with the newer version.
2025-02-06 03:37:09.826 | INFO     | mav_scraper.slender.slender:info:39 - Replacing previously stored shape for train_number=559229, elvira_id=7599902_250206 with the newer version.
2025-02-06 03:37:11.847 | INFO     | mav_scraper.slender.slender:info:39 - Replacing previously stored shape for train_number=559419, elvira_id=7608224_250206 with the newer version.
2025-02-06 03:37:13.442 | INFO     | mav_scraper.slender.slender:info:39 - Adding new shape for train_number=55950, elvira_id=8485635_250206.
2025-02-06 03:37:15.460 | INFO     | mav_scraper.slender.slender:info:39 - Replacing previously stored shape for train_number=559519, elvira_id=7609177_250206 with the newer version.
2025-02-06 03:37:17.452 | INFO     | mav_scraper.slender.slender:info:39 - Replacing previously stored shape for train_number=559530, elvira_id=7609197_250206 with the newer version.
2025-02-06 03:37:19.118 | INFO     | mav_scraper.slender.slender:info:39 - Adding new shape for train_number=559629, elvira_id=7618450_250206.
2025-02-06 03:37:20.855 | INFO     | mav_scraper.slender.slender:info:39 - Adding new shape for train_number=559640, elvira_id=7609335_250206.
2025-02-06 03:37:22.979 | INFO     | mav_scraper.slender.slender:info:39 - Replacing previously stored shape for train_number=55969, elvira_id=8485641_250206 with the newer version.
2025-02-06 03:37:25.017 | INFO     | mav_scraper.slender.slender:info:39 - Replacing previously stored shape for train_number=559720, elvira_id=7588410_250206 with the newer version.
2025-02-06 03:37:27.053 | INFO     | mav_scraper.slender.slender:info:39 - Replacing previously stored shape for train_number=559729, elvira_id=7596887_250206 with the newer version.
2025-02-06 03:37:28.629 | INFO     | mav_scraper.slender.slender:info:39 - Adding new shape for train_number=559739, elvira_id=7596890_250206.
2025-02-06 03:37:30.706 | INFO     | mav_scraper.slender.slender:info:39 - Replacing previously stored shape for train_number=559750, elvira_id=7588411_250206 with the newer version.
2025-02-06 03:37:32.312 | INFO     | mav_scraper.slender.slender:info:39 - Adding new shape for train_number=559759, elvira_id=7596899_250206.
2025-02-06 03:37:34.313 | INFO     | mav_scraper.slender.slender:info:39 - Replacing previously stored shape for train_number=559760, elvira_id=7596892_250206 with the newer version.
2025-02-06 03:37:36.343 | INFO     | mav_scraper.slender.slender:info:39 - Replacing previously stored shape for train_number=439819, elvira_id=7576946_250206 with the newer version.
2025-02-06 03:37:37.979 | INFO     | mav_scraper.slender.slender:info:39 - Adding new shape for train_number=439829, elvira_id=7576947_250206.
2025-02-06 03:37:39.974 | INFO     | mav_scraper.slender.slender:info:39 - Replacing previously stored shape for train_number=439860, elvira_id=7576955_250206 with the newer version.
2025-02-06 03:37:42.010 | INFO     | mav_scraper.slender.slender:info:39 - Replacing previously stored shape for train_number=439910, elvira_id=7573049_250206 with the newer version.
2025-02-06 03:37:42.279 | INFO     | mav_scraper.slender.slender:info:39 - Shape update complete: 56 new shape(s) added, 156 existing shape(s) replaced.
2025-02-06 03:37:48.271 | INFO     | mav_scraper.slender.slender:info:39 - 161924 train schedules saved to /home/runner/work/MAV-scraper/MAV-scraper/mav_scraper/data/parsed_train_schedules
2025-02-06 03:37:48.271 | INFO     | mav_scraper.slender.slender:info:39 - Spot train locations saved to /home/runner/work/MAV-scraper/MAV-scraper/mav_scraper/data/spot_train_locations
2025-02-06 03:37:48.638 | SUCCESS  | mav_scraper.slender.slender:success:35 - Data pipeline completed successfully
