2024-12-09 23:55:09.766 | ERROR    | mav_scraper.requester.request_train_data:parse_schedule_table:106 - Schedule table not found for train 552010
2024-12-09 23:55:46.391 | ERROR    | __main__:parse_schedule_table:106 - Schedule table not found for train 552010
2024-12-10 23:46:38.428 | ERROR    | __main__:fetch_train_locations:75 - NaN ElviraID for the following train: ['5513601', '552171', '552181', '552188', '552361', '552388', '552398', '552551', '552598', '552621', '552638', '552648', '552958', '552968', '553061', '553078', '5532258', '5533104', '5533106', '553351', '553361', '553378', '553388', '5535721', '5536028', '5536638', '5536748', '5537038', '5537121', '5537638', '5538828', '554138', '554238', '554251', '554768', '554951', '554958', '554968', '555008', '555018', '555021', '555048', '555158', '555338', '555758', '555831', '555848', '55586', '556088', '556098', '556238', '556338', '556648', '557028', '557238', '557438', '557751', '558071', '558208', '558251', '558511', '558961', '559068', '559248', '55951', '559758', '439958', '36H1091', '36H1108', '36H1241', '36H2058', '36H2068', '36H3338', '36H4151', '36H4161', '36H4198', '36H4208', '36H4218', '36H5508']
2024-12-10 23:46:39.931 | ERROR    | __main__:fetch_train_locations:75 - NaN ElviraID for the following train: ['5513601', '552171', '552181', '552188', '552361', '552388', '552398', '552551', '552598', '552621', '552638', '552648', '552958', '552968', '553061', '553078', '5532258', '5533104', '5533106', '553351', '553361', '553378', '553388', '5535721', '5536028', '5536638', '5536748', '5537038', '5537121', '5537638', '5538828', '554138', '554238', '554251', '554768', '554951', '554958', '554968', '555008', '555018', '555021', '555048', '555158', '555338', '555758', '555831', '555848', '55586', '556088', '556098', '556238', '556338', '556648', '557028', '557238', '557438', '557751', '558071', '558208', '558251', '558511', '558961', '559068', '559248', '55951', '559758', '439958', '36H1091', '36H1108', '36H1241', '36H2058', '36H2068', '36H3338', '36H4151', '36H4161', '36H4198', '36H4208', '36H4218', '36H5508']
2024-12-10 23:52:23.716 | ERROR    | __main__:fetch_train_locations:80 - NaN ElviraID for the following train(s): ['5513601', '552181', '552188', '552361', '552388', '552398', '552551', '552598', '552621', '552638', '552648', '552958', '552968', '553061', '553078', '5532258', '5533104', '5533106', '553351', '553361', '553378', '553388', '5536028', '5536638', '5536748', '5537038', '5537121', '5537638', '5538828', '554138', '554238', '554251', '554768', '554951', '554958', '554968', '555008', '555018', '555021', '555048', '555158', '555338', '555758', '555848', '55586', '556098', '556238', '556338', '556648', '557028', '557238', '558071', '558208', '558251', '558511', '558961', '559068', '559248', '559758', '439958', '36H1091', '36H1108', '36H1241', '36H1721', '36H2068', '36H3338', '36H4151', '36H4161', '36H4208', '36H4218']
2024-12-10 23:52:24.965 | ERROR    | __main__:fetch_train_locations:80 - NaN ElviraID for the following train(s): ['5513601', '552181', '552188', '552361', '552388', '552398', '552551', '552598', '552621', '552638', '552648', '552958', '552968', '553061', '553078', '5532258', '5533104', '5533106', '553351', '553361', '553378', '553388', '5536028', '5536638', '5536748', '5537038', '5537121', '5537638', '5538828', '554138', '554238', '554251', '554768', '554951', '554958', '554968', '555008', '555018', '555021', '555048', '555158', '555338', '555758', '555848', '55586', '556098', '556238', '556338', '556648', '557028', '557238', '558071', '558208', '558251', '558511', '558961', '559068', '559248', '559758', '439958', '36H1091', '36H1108', '36H1241', '36H1721', '36H2068', '36H3338', '36H4151', '36H4161', '36H4208', '36H4218']
2024-12-11 00:00:12.364 | ERROR    | __main__:run:580 - An error occurred during pipeline execution: module 'datetime' has no attribute 'now'
2024-12-11 00:01:44.474 | ERROR    | __main__:parse_schedule_table:152 - Schedule table not found for train 5513601
2024-12-11 00:01:44.880 | ERROR    | __main__:parse_schedule_table:152 - Schedule table not found for train 55347
2024-12-11 00:01:45.475 | ERROR    | __main__:run:580 - An error occurred during pipeline execution: ("Could not convert '80' with type str: tried to convert to double", 'Conversion failed for column line with type object')
2024-12-11 00:04:19.948 | ERROR    | __main__:parse_schedule_table:152 - Schedule table not found for train 5513601
2024-12-11 00:04:20.283 | ERROR    | __main__:parse_schedule_table:152 - Schedule table not found for train 55347
2024-12-11 00:15:16.225 | ERROR    | __main__:run:594 - An error occurred during pipeline execution: "['elvira_iddelay'] not in index"
2024-12-11 00:16:08.381 | ERROR    | __main__:run:595 - An error occurred during pipeline execution: "['elvira_iddelay'] not in index"
2024-12-11 00:17:06.240 | ERROR    | __main__:parse_schedule_table:164 - Schedule table not found for train 5513601
2024-12-12 20:47:36.270 | ERROR    | mav_scraper.slender.slender:error:45 - An error occurred during pipeline execution: The request to the Slack API failed. (url: https://slack.com/api/chat.postMessage)
The server responded with: {'ok': False, 'error': 'not_in_channel'}
2024-12-12 20:57:34.538 | ERROR    | mav_scraper.slender.slender:error:47 - An error occurred during pipeline execution: The request to the Slack API failed. (url: https://slack.com/api/conversations.list)
The server responded with: {'ok': False, 'error': 'ratelimited'}
2024-12-13 21:08:07.946 | ERROR    | mav_scraper.slender.slender:error:52 - Error fetching details for 553341: 
2024-12-13 21:08:08.202 | ERROR    | mav_scraper.slender.slender:error:52 - Error fetching details for 557401: 
2024-12-13 21:08:08.425 | ERROR    | mav_scraper.slender.slender:error:52 - Error fetching details for 5511639: 
2024-12-13 21:08:15.158 | ERROR    | mav_scraper.slender.slender:error:52 - Error fetching details for 553341: 
2024-12-13 21:08:15.450 | ERROR    | mav_scraper.slender.slender:error:52 - Error fetching details for 5511639: 
2024-12-13 21:08:23.028 | ERROR    | mav_scraper.slender.slender:error:52 - Error fetching details for 5511639: 
2024-12-13 21:08:23.252 | ERROR    | mav_scraper.slender.slender:error:52 - Error fetching details for 552578: 
2024-12-13 21:08:30.874 | ERROR    | mav_scraper.slender.slender:error:52 - Error fetching details for 55588: 
2024-12-13 21:19:59.194 | ERROR    | mav_scraper.slender.slender:error:52 - Error fetching details for 5511639: 
2024-12-13 21:20:06.110 | ERROR    | mav_scraper.slender.slender:error:52 - Error fetching details for 5511639: 
2024-12-13 21:20:14.229 | ERROR    | mav_scraper.slender.slender:error:52 - Error fetching details for 5511639: 
2024-12-13 21:29:49.447 | ERROR    | mav_scraper.slender.slender:error:52 - Error fetching details for 5511639: 
2024-12-13 21:29:50.111 | ERROR    | mav_scraper.slender.slender:error:52 - Error fetching details for 553548: 
2024-12-13 21:29:56.887 | ERROR    | mav_scraper.slender.slender:error:52 - Error fetching details for 5511639: 
2024-12-13 21:30:05.399 | ERROR    | mav_scraper.slender.slender:error:52 - Error fetching details for 5511639: 
2024-12-13 21:38:08.583 | ERROR    | mav_scraper.slender.slender:error:52 - Error fetching details for 5511639: 
2024-12-13 21:38:15.730 | ERROR    | mav_scraper.slender.slender:error:52 - Error fetching details for 5511639: 
2024-12-13 21:38:23.813 | ERROR    | mav_scraper.slender.slender:error:52 - Error fetching details for 5511639: 
2024-12-13 21:45:45.383 | ERROR    | mav_scraper.slender.slender:error:52 - Error fetching details for 5511639: 
2024-12-13 21:45:52.862 | ERROR    | mav_scraper.slender.slender:error:52 - Error fetching details for 5511639: 
2024-12-13 21:46:00.904 | ERROR    | mav_scraper.slender.slender:error:52 - Error fetching details for 5511639: 
2024-12-13 21:53:20.107 | ERROR    | mav_scraper.slender.slender:error:52 - Error fetching details for 5511639: 
2024-12-13 21:53:27.003 | ERROR    | mav_scraper.slender.slender:error:52 - Error fetching details for 5511639: 
2024-12-13 21:53:33.345 | ERROR    | mav_scraper.slender.slender:error:52 - Error fetching details for 5511639: 
2024-12-13 22:01:12.610 | ERROR    | mav_scraper.slender.slender:error:52 - Error fetching details for 5511639: 
2024-12-13 22:01:19.283 | ERROR    | mav_scraper.slender.slender:error:52 - Error fetching details for 5511639: 
2024-12-13 22:01:25.524 | ERROR    | mav_scraper.slender.slender:error:52 - Error fetching details for 5511639: 
2024-12-13 22:11:54.229 | ERROR    | mav_scraper.slender.slender:error:52 - Error fetching details for 5511639: 
2024-12-13 22:12:01.549 | ERROR    | mav_scraper.slender.slender:error:52 - Error fetching details for 5511639: 
2024-12-13 22:12:09.960 | ERROR    | mav_scraper.slender.slender:error:52 - Error fetching details for 5511639: 
2024-12-13 22:24:45.066 | ERROR    | mav_scraper.slender.slender:error:52 - Error fetching details for 5511639: 
2024-12-13 22:24:52.129 | ERROR    | mav_scraper.slender.slender:error:52 - Error fetching details for 5511639: 
2024-12-13 22:24:59.815 | ERROR    | mav_scraper.slender.slender:error:52 - Error fetching details for 5511639: 
2024-12-13 22:36:18.898 | ERROR    | mav_scraper.slender.slender:error:52 - Error fetching details for 5511639: 
2024-12-13 22:36:26.154 | ERROR    | mav_scraper.slender.slender:error:52 - Error fetching details for 5511639: 
2024-12-13 22:36:34.625 | ERROR    | mav_scraper.slender.slender:error:52 - Error fetching details for 5511639: 
2024-12-13 22:45:01.460 | ERROR    | mav_scraper.slender.slender:error:52 - Error fetching details for 5511639: 
2024-12-13 22:45:07.705 | ERROR    | mav_scraper.slender.slender:error:52 - Error fetching details for 5511639: 
2024-12-13 22:45:14.810 | ERROR    | mav_scraper.slender.slender:error:52 - Error fetching details for 5511639: 
2024-12-13 22:52:42.113 | ERROR    | mav_scraper.slender.slender:error:52 - Error fetching details for 5511639: 
2024-12-13 22:52:49.514 | ERROR    | mav_scraper.slender.slender:error:52 - Error fetching details for 5511639: 
2024-12-13 22:52:57.483 | ERROR    | mav_scraper.slender.slender:error:52 - Error fetching details for 5511639: 
2024-12-13 23:00:23.738 | ERROR    | mav_scraper.slender.slender:error:52 - Error fetching details for 558208: 
2024-12-13 23:00:23.953 | ERROR    | mav_scraper.slender.slender:error:52 - Error fetching details for 5532258: 
2024-12-13 23:00:24.189 | ERROR    | mav_scraper.slender.slender:error:52 - Error fetching details for 5536638: 
2024-12-13 23:00:31.032 | ERROR    | mav_scraper.slender.slender:error:52 - Error fetching details for 5536638: 
2024-12-13 23:00:31.274 | ERROR    | mav_scraper.slender.slender:error:52 - Error fetching details for 5511639: 
2024-12-13 23:00:31.500 | ERROR    | mav_scraper.slender.slender:error:52 - Error fetching details for 5533104: 
2024-12-13 23:00:39.151 | ERROR    | mav_scraper.slender.slender:error:52 - Error fetching details for 5511639: 
2024-12-13 23:00:39.342 | ERROR    | mav_scraper.slender.slender:error:52 - Error fetching details for 5536638: 
2024-12-13 23:00:39.561 | ERROR    | mav_scraper.slender.slender:error:52 - Error fetching details for 5533104: 
2024-12-13 23:00:46.935 | ERROR    | mav_scraper.slender.slender:error:52 - Error fetching details for 5511639: 
2024-12-13 23:00:47.159 | ERROR    | mav_scraper.slender.slender:error:52 - Error fetching details for 5536748: 
2024-12-13 23:00:47.382 | ERROR    | mav_scraper.slender.slender:error:52 - Error fetching details for 5533104: 
2024-12-13 23:00:55.094 | ERROR    | mav_scraper.slender.slender:error:52 - Error fetching details for 555848: 
2024-12-13 23:00:55.355 | ERROR    | mav_scraper.slender.slender:error:52 - Error fetching details for 554768: 
2024-12-13 23:00:57.660 | ERROR    | mav_scraper.slender.slender:error:52 - Error fetching details for 556338: 
2024-12-13 23:01:02.330 | ERROR    | mav_scraper.slender.slender:error:52 - Error fetching details for 554768: 
2024-12-13 23:01:04.693 | ERROR    | mav_scraper.slender.slender:error:52 - Error fetching details for 556338: 
2024-12-13 23:01:06.491 | ERROR    | mav_scraper.slender.slender:error:52 - Error fetching details for 55347: 
2024-12-13 23:01:08.938 | ERROR    | mav_scraper.slender.slender:error:52 - Error fetching details for 554768: 
2024-12-13 23:01:11.315 | ERROR    | mav_scraper.slender.slender:error:52 - Error fetching details for 556338: 
2024-12-13 23:01:14.348 | ERROR    | mav_scraper.slender.slender:error:52 - Error fetching details for 55347: 
2024-12-13 23:01:19.240 | ERROR    | mav_scraper.slender.slender:error:52 - Error fetching details for 555021: 
2024-12-13 23:01:20.562 | ERROR    | mav_scraper.slender.slender:error:52 - Error fetching details for 55347: 
2024-12-13 23:01:25.917 | ERROR    | mav_scraper.slender.slender:error:52 - Error fetching details for 555021: 
2024-12-13 23:10:54.229 | ERROR    | mav_scraper.slender.slender:error:52 - Error fetching details for 554968: 
2024-12-13 23:10:54.557 | ERROR    | mav_scraper.slender.slender:error:52 - Error fetching details for 557238: 
2024-12-13 23:10:55.481 | ERROR    | mav_scraper.slender.slender:error:52 - Error fetching details for 5511639: 
2024-12-13 23:11:02.137 | ERROR    | mav_scraper.slender.slender:error:52 - Error fetching details for 5511639: 
2024-12-13 23:11:03.234 | ERROR    | mav_scraper.slender.slender:error:52 - Error fetching details for 55347: 
2024-12-13 23:11:04.271 | ERROR    | mav_scraper.slender.slender:error:52 - Error fetching details for 556338: 
2024-12-13 23:11:10.148 | ERROR    | mav_scraper.slender.slender:error:52 - Error fetching details for 5511639: 
2024-12-13 23:11:11.030 | ERROR    | mav_scraper.slender.slender:error:52 - Error fetching details for 55347: 
2024-12-13 23:11:11.952 | ERROR    | mav_scraper.slender.slender:error:52 - Error fetching details for 556338: 
2024-12-13 23:11:17.972 | ERROR    | mav_scraper.slender.slender:error:52 - Error fetching details for 553068: 
2024-12-13 23:11:18.582 | ERROR    | mav_scraper.slender.slender:error:52 - Error fetching details for 55347: 
2024-12-13 23:11:19.775 | ERROR    | mav_scraper.slender.slender:error:52 - Error fetching details for 556338: 
2024-12-13 23:11:26.442 | ERROR    | mav_scraper.slender.slender:error:52 - Error fetching details for 5536748: 
2024-12-13 23:23:38.713 | ERROR    | mav_scraper.slender.slender:error:52 - Error fetching details for 55347: 
2024-12-13 23:23:40.054 | ERROR    | mav_scraper.slender.slender:error:52 - Error fetching details for 5511639: 
2024-12-13 23:23:40.920 | ERROR    | mav_scraper.slender.slender:error:52 - Error fetching details for 556338: 
2024-12-13 23:23:45.554 | ERROR    | mav_scraper.slender.slender:error:52 - Error fetching details for 55347: 
2024-12-13 23:23:46.761 | ERROR    | mav_scraper.slender.slender:error:52 - Error fetching details for 5511639: 
2024-12-13 23:23:47.535 | ERROR    | mav_scraper.slender.slender:error:52 - Error fetching details for 556338: 
2024-12-13 23:23:53.314 | ERROR    | mav_scraper.slender.slender:error:52 - Error fetching details for 55347: 
2024-12-13 23:23:54.606 | ERROR    | mav_scraper.slender.slender:error:52 - Error fetching details for 5511639: 
2024-12-13 23:23:55.199 | ERROR    | mav_scraper.slender.slender:error:52 - Error fetching details for 556338: 
2024-12-13 23:32:21.931 | ERROR    | mav_scraper.slender.slender:error:52 - Error fetching details for 55347: 
2024-12-13 23:32:22.447 | ERROR    | mav_scraper.slender.slender:error:52 - Error fetching details for 5511639: 
2024-12-13 23:32:28.898 | ERROR    | mav_scraper.slender.slender:error:52 - Error fetching details for 5511639: 
2024-12-13 23:32:29.372 | ERROR    | mav_scraper.slender.slender:error:52 - Error fetching details for 55347: 
2024-12-13 23:32:37.335 | ERROR    | mav_scraper.slender.slender:error:52 - Error fetching details for 5511639: 
2024-12-13 23:32:37.775 | ERROR    | mav_scraper.slender.slender:error:52 - Error fetching details for 55347: 
2024-12-13 23:41:13.600 | ERROR    | mav_scraper.slender.slender:error:52 - Error fetching details for 55347: 
2024-12-13 23:41:20.573 | ERROR    | mav_scraper.slender.slender:error:52 - Error fetching details for 55347: 
2024-12-13 23:41:27.979 | ERROR    | mav_scraper.slender.slender:error:52 - Error fetching details for 55347: 
2024-12-13 23:48:51.831 | ERROR    | mav_scraper.slender.slender:error:52 - Error fetching details for 552398: 
2024-12-13 23:48:52.149 | ERROR    | mav_scraper.slender.slender:error:52 - Error fetching details for 55347: 
2024-12-13 23:48:58.536 | ERROR    | mav_scraper.slender.slender:error:52 - Error fetching details for 552398: 
2024-12-13 23:48:59.043 | ERROR    | mav_scraper.slender.slender:error:52 - Error fetching details for 55347: 
2024-12-13 23:49:06.562 | ERROR    | mav_scraper.slender.slender:error:52 - Error fetching details for 552398: 
2024-12-13 23:49:06.929 | ERROR    | mav_scraper.slender.slender:error:52 - Error fetching details for 55347: 
2024-12-13 23:56:19.279 | ERROR    | mav_scraper.slender.slender:error:52 - Error fetching details for 55347: 
2024-12-13 23:56:25.922 | ERROR    | mav_scraper.slender.slender:error:52 - Error fetching details for 55347: 
2024-12-13 23:56:32.743 | ERROR    | mav_scraper.slender.slender:error:52 - Error fetching details for 55347: 
2024-12-14 00:26:11.203 | ERROR    | mav_scraper.slender.slender:error:52 - Error fetching details for 55347: 
2024-12-14 00:26:18.205 | ERROR    | mav_scraper.slender.slender:error:52 - Error fetching details for 55347: 
2024-12-14 00:26:25.622 | ERROR    | mav_scraper.slender.slender:error:52 - Error fetching details for 55347: 
2024-12-14 00:49:44.539 | ERROR    | mav_scraper.slender.slender:error:52 - Error fetching details for 55347: 
2024-12-14 00:49:51.402 | ERROR    | mav_scraper.slender.slender:error:52 - Error fetching details for 55347: 
2024-12-14 00:49:57.940 | ERROR    | mav_scraper.slender.slender:error:52 - Error fetching details for 55347: 
2024-12-14 04:41:50.263 | ERROR    | mav_scraper.slender.slender:error:52 - Error fetching details for 558110: 
2024-12-14 11:50:33.791 | ERROR    | mav_scraper.slender.slender:error:52 - Error fetching details for 555094: 
2024-12-14 13:45:21.373 | ERROR    | mav_scraper.slender.slender:error:52 - Error fetching details for 555713: 
2024-12-14 15:07:16.971 | ERROR    | mav_scraper.slender.slender:error:52 - Error fetching details for 558213: 
2024-12-14 17:41:45.959 | ERROR    | mav_scraper.slender.slender:error:52 - Error fetching details for 5537036: 
2024-12-14 17:57:04.792 | ERROR    | mav_scraper.slender.slender:error:52 - Error fetching details for 553318: 
2024-12-14 19:10:18.199 | ERROR    | mav_scraper.slender.slender:error:52 - Error fetching details for 555143: 
2024-12-14 20:40:27.788 | ERROR    | mav_scraper.slender.slender:error:52 - Error fetching details for 559751: 
2024-12-14 21:26:21.898 | ERROR    | mav_scraper.slender.slender:error:52 - Error fetching details for 553278: 
2024-12-14 23:15:31.331 | ERROR    | mav_scraper.slender.slender:error:52 - Error fetching details for 5533104: 
2024-12-14 23:15:31.806 | ERROR    | mav_scraper.slender.slender:error:52 - Error fetching details for 552510: 
2024-12-14 23:15:32.829 | ERROR    | mav_scraper.slender.slender:error:52 - Error fetching details for 554768: 
2024-12-14 23:15:39.024 | ERROR    | mav_scraper.slender.slender:error:52 - Error fetching details for 5533104: 
2024-12-14 23:15:39.518 | ERROR    | mav_scraper.slender.slender:error:52 - Error fetching details for 552510: 
2024-12-14 23:15:40.021 | ERROR    | mav_scraper.slender.slender:error:52 - Error fetching details for 554768: 
2024-12-14 23:15:47.261 | ERROR    | mav_scraper.slender.slender:error:52 - Error fetching details for 5533104: 
2024-12-14 23:15:47.769 | ERROR    | mav_scraper.slender.slender:error:52 - Error fetching details for 552510: 
2024-12-14 23:15:48.518 | ERROR    | mav_scraper.slender.slender:error:52 - Error fetching details for 554768: 
2024-12-14 23:15:55.570 | ERROR    | mav_scraper.slender.slender:error:52 - Error fetching details for 556648: 
2024-12-14 23:15:56.249 | ERROR    | mav_scraper.slender.slender:error:52 - Error fetching details for 55149: 
2024-12-14 23:15:56.748 | ERROR    | mav_scraper.slender.slender:error:52 - Error fetching details for 5533105: 
2024-12-14 23:16:03.775 | ERROR    | mav_scraper.slender.slender:error:52 - Error fetching details for 556648: 
2024-12-14 23:16:04.253 | ERROR    | mav_scraper.slender.slender:error:52 - Error fetching details for 55149: 
2024-12-14 23:16:04.747 | ERROR    | mav_scraper.slender.slender:error:52 - Error fetching details for 5533105: 
2024-12-14 23:16:11.751 | ERROR    | mav_scraper.slender.slender:error:52 - Error fetching details for 556648: 
2024-12-14 23:16:12.269 | ERROR    | mav_scraper.slender.slender:error:52 - Error fetching details for 55149: 
2024-12-14 23:16:12.754 | ERROR    | mav_scraper.slender.slender:error:52 - Error fetching details for 5533105: 
2024-12-14 23:16:19.824 | ERROR    | mav_scraper.slender.slender:error:52 - Error fetching details for 554770: 
2024-12-14 23:16:20.310 | ERROR    | mav_scraper.slender.slender:error:52 - Error fetching details for 557028: 
2024-12-14 23:16:20.972 | ERROR    | mav_scraper.slender.slender:error:52 - Error fetching details for 552598: 
2024-12-14 23:16:28.031 | ERROR    | mav_scraper.slender.slender:error:52 - Error fetching details for 554770: 
2024-12-14 23:16:28.616 | ERROR    | mav_scraper.slender.slender:error:52 - Error fetching details for 557028: 
2024-12-14 23:16:29.093 | ERROR    | mav_scraper.slender.slender:error:52 - Error fetching details for 552598: 
2024-12-14 23:16:36.095 | ERROR    | mav_scraper.slender.slender:error:52 - Error fetching details for 554770: 
2024-12-14 23:16:36.798 | ERROR    | mav_scraper.slender.slender:error:52 - Error fetching details for 557028: 
2024-12-14 23:16:37.479 | ERROR    | mav_scraper.slender.slender:error:52 - Error fetching details for 552598: 
2024-12-14 23:16:44.506 | ERROR    | mav_scraper.slender.slender:error:52 - Error fetching details for 552010: 
2024-12-14 23:16:45.067 | ERROR    | mav_scraper.slender.slender:error:52 - Error fetching details for 553378: 
2024-12-14 23:16:45.587 | ERROR    | mav_scraper.slender.slender:error:52 - Error fetching details for 554810: 
2024-12-14 23:16:52.739 | ERROR    | mav_scraper.slender.slender:error:52 - Error fetching details for 552010: 
2024-12-14 23:16:53.230 | ERROR    | mav_scraper.slender.slender:error:52 - Error fetching details for 553378: 
2024-12-14 23:16:53.725 | ERROR    | mav_scraper.slender.slender:error:52 - Error fetching details for 554810: 
2024-12-14 23:17:00.717 | ERROR    | mav_scraper.slender.slender:error:52 - Error fetching details for 552010: 
2024-12-14 23:17:01.226 | ERROR    | mav_scraper.slender.slender:error:52 - Error fetching details for 553378: 
2024-12-14 23:17:01.782 | ERROR    | mav_scraper.slender.slender:error:52 - Error fetching details for 554810: 
2024-12-14 23:17:08.902 | ERROR    | mav_scraper.slender.slender:error:52 - Error fetching details for 557238: 
2024-12-14 23:17:09.392 | ERROR    | mav_scraper.slender.slender:error:52 - Error fetching details for 552621: 
2024-12-14 23:17:09.888 | ERROR    | mav_scraper.slender.slender:error:52 - Error fetching details for 552361: 
2024-12-14 23:17:17.016 | ERROR    | mav_scraper.slender.slender:error:52 - Error fetching details for 557238: 
2024-12-14 23:17:17.497 | ERROR    | mav_scraper.slender.slender:error:52 - Error fetching details for 552621: 
2024-12-14 23:17:18.240 | ERROR    | mav_scraper.slender.slender:error:52 - Error fetching details for 552361: 
2024-12-14 23:17:25.209 | ERROR    | mav_scraper.slender.slender:error:52 - Error fetching details for 557238: 
2024-12-14 23:17:25.698 | ERROR    | mav_scraper.slender.slender:error:52 - Error fetching details for 552621: 
2024-12-14 23:17:26.273 | ERROR    | mav_scraper.slender.slender:error:52 - Error fetching details for 552361: 
2024-12-14 23:17:33.316 | ERROR    | mav_scraper.slender.slender:error:52 - Error fetching details for 553388: 
2024-12-14 23:17:33.870 | ERROR    | mav_scraper.slender.slender:error:52 - Error fetching details for 554951: 
2024-12-14 23:17:34.357 | ERROR    | mav_scraper.slender.slender:error:52 - Error fetching details for 559068: 
2024-12-14 23:17:41.376 | ERROR    | mav_scraper.slender.slender:error:52 - Error fetching details for 553388: 
2024-12-14 23:17:41.927 | ERROR    | mav_scraper.slender.slender:error:52 - Error fetching details for 554951: 
2024-12-14 23:17:42.415 | ERROR    | mav_scraper.slender.slender:error:52 - Error fetching details for 559068: 
2024-12-14 23:17:49.452 | ERROR    | mav_scraper.slender.slender:error:52 - Error fetching details for 553388: 
2024-12-14 23:17:49.932 | ERROR    | mav_scraper.slender.slender:error:52 - Error fetching details for 554951: 
2024-12-14 23:17:50.597 | ERROR    | mav_scraper.slender.slender:error:52 - Error fetching details for 559068: 
2024-12-14 23:17:57.604 | ERROR    | mav_scraper.slender.slender:error:52 - Error fetching details for 552638: 
2024-12-14 23:17:58.093 | ERROR    | mav_scraper.slender.slender:error:52 - Error fetching details for 55347: 
2024-12-14 23:17:58.663 | ERROR    | mav_scraper.slender.slender:error:52 - Error fetching details for 554968: 
2024-12-14 23:18:05.693 | ERROR    | mav_scraper.slender.slender:error:52 - Error fetching details for 552638: 
2024-12-14 23:18:06.172 | ERROR    | mav_scraper.slender.slender:error:52 - Error fetching details for 55347: 
2024-12-14 23:18:06.679 | ERROR    | mav_scraper.slender.slender:error:52 - Error fetching details for 554968: 
2024-12-14 23:18:13.682 | ERROR    | mav_scraper.slender.slender:error:52 - Error fetching details for 552638: 
2024-12-14 23:18:14.253 | ERROR    | mav_scraper.slender.slender:error:52 - Error fetching details for 55347: 
2024-12-14 23:18:14.735 | ERROR    | mav_scraper.slender.slender:error:52 - Error fetching details for 554968: 
2024-12-14 23:18:21.791 | ERROR    | mav_scraper.slender.slender:error:52 - Error fetching details for 559758: 
2024-12-14 23:18:22.270 | ERROR    | mav_scraper.slender.slender:error:52 - Error fetching details for 552648: 
2024-12-14 23:18:22.857 | ERROR    | mav_scraper.slender.slender:error:52 - Error fetching details for 552398: 
2024-12-14 23:18:29.845 | ERROR    | mav_scraper.slender.slender:error:52 - Error fetching details for 559758: 
2024-12-14 23:18:30.344 | ERROR    | mav_scraper.slender.slender:error:52 - Error fetching details for 552648: 
2024-12-14 23:18:30.985 | ERROR    | mav_scraper.slender.slender:error:52 - Error fetching details for 552398: 
2024-12-14 23:18:38.024 | ERROR    | mav_scraper.slender.slender:error:52 - Error fetching details for 559758: 
2024-12-14 23:18:38.530 | ERROR    | mav_scraper.slender.slender:error:52 - Error fetching details for 552648: 
2024-12-14 23:18:39.008 | ERROR    | mav_scraper.slender.slender:error:52 - Error fetching details for 552398: 
2024-12-14 23:18:45.994 | ERROR    | mav_scraper.slender.slender:error:52 - Error fetching details for 5536028: 
2024-12-14 23:18:46.561 | ERROR    | mav_scraper.slender.slender:error:52 - Error fetching details for 555008: 
2024-12-14 23:18:47.061 | ERROR    | mav_scraper.slender.slender:error:52 - Error fetching details for 552958: 
2024-12-14 23:18:54.170 | ERROR    | mav_scraper.slender.slender:error:52 - Error fetching details for 5536028: 
2024-12-14 23:18:54.738 | ERROR    | mav_scraper.slender.slender:error:52 - Error fetching details for 555008: 
2024-12-14 23:18:55.265 | ERROR    | mav_scraper.slender.slender:error:52 - Error fetching details for 552958: 
2024-12-14 23:19:02.288 | ERROR    | mav_scraper.slender.slender:error:52 - Error fetching details for 5536028: 
2024-12-14 23:19:02.787 | ERROR    | mav_scraper.slender.slender:error:52 - Error fetching details for 555008: 
2024-12-14 23:19:03.295 | ERROR    | mav_scraper.slender.slender:error:52 - Error fetching details for 552958: 
2024-12-14 23:19:10.341 | ERROR    | mav_scraper.slender.slender:error:52 - Error fetching details for 5536658: 
2024-12-14 23:19:10.828 | ERROR    | mav_scraper.slender.slender:error:52 - Error fetching details for 555018: 
2024-12-14 23:19:11.291 | ERROR    | mav_scraper.slender.slender:error:52 - Error fetching details for 552968: 
2024-12-14 23:19:18.333 | ERROR    | mav_scraper.slender.slender:error:52 - Error fetching details for 5536658: 
2024-12-14 23:19:18.958 | ERROR    | mav_scraper.slender.slender:error:52 - Error fetching details for 555018: 
2024-12-14 23:19:19.504 | ERROR    | mav_scraper.slender.slender:error:52 - Error fetching details for 552968: 
2024-12-14 23:19:26.498 | ERROR    | mav_scraper.slender.slender:error:52 - Error fetching details for 5536658: 
2024-12-14 23:19:26.992 | ERROR    | mav_scraper.slender.slender:error:52 - Error fetching details for 555018: 
2024-12-14 23:19:27.533 | ERROR    | mav_scraper.slender.slender:error:52 - Error fetching details for 552968: 
2024-12-14 23:19:34.566 | ERROR    | mav_scraper.slender.slender:error:52 - Error fetching details for 552181: 
2024-12-14 23:19:35.075 | ERROR    | mav_scraper.slender.slender:error:52 - Error fetching details for 5516338: 
2024-12-14 23:19:35.544 | ERROR    | mav_scraper.slender.slender:error:52 - Error fetching details for 5537038: 
2024-12-14 23:19:42.573 | ERROR    | mav_scraper.slender.slender:error:52 - Error fetching details for 552181: 
2024-12-14 23:19:43.058 | ERROR    | mav_scraper.slender.slender:error:52 - Error fetching details for 5516338: 
2024-12-14 23:19:43.522 | ERROR    | mav_scraper.slender.slender:error:52 - Error fetching details for 5537038: 
2024-12-14 23:19:50.583 | ERROR    | mav_scraper.slender.slender:error:52 - Error fetching details for 552181: 
2024-12-14 23:19:51.075 | ERROR    | mav_scraper.slender.slender:error:52 - Error fetching details for 5516338: 
2024-12-14 23:19:51.574 | ERROR    | mav_scraper.slender.slender:error:52 - Error fetching details for 5537038: 
2024-12-14 23:19:58.601 | ERROR    | mav_scraper.slender.slender:error:52 - Error fetching details for 555158: 
2024-12-14 23:19:59.972 | ERROR    | mav_scraper.slender.slender:error:52 - Error fetching details for 552188: 
2024-12-14 23:20:00.565 | ERROR    | mav_scraper.slender.slender:error:52 - Error fetching details for 553068: 
2024-12-14 23:20:07.607 | ERROR    | mav_scraper.slender.slender:error:52 - Error fetching details for 555158: 
2024-12-14 23:20:08.124 | ERROR    | mav_scraper.slender.slender:error:52 - Error fetching details for 552188: 
2024-12-14 23:20:08.614 | ERROR    | mav_scraper.slender.slender:error:52 - Error fetching details for 553068: 
2024-12-14 23:20:15.668 | ERROR    | mav_scraper.slender.slender:error:52 - Error fetching details for 555158: 
2024-12-14 23:20:16.174 | ERROR    | mav_scraper.slender.slender:error:52 - Error fetching details for 552188: 
2024-12-14 23:20:16.634 | ERROR    | mav_scraper.slender.slender:error:52 - Error fetching details for 553068: 
2024-12-14 23:20:23.702 | ERROR    | mav_scraper.slender.slender:error:52 - Error fetching details for 5537638: 
2024-12-14 23:20:24.216 | ERROR    | mav_scraper.slender.slender:error:52 - Error fetching details for 556088: 
2024-12-14 23:20:24.744 | ERROR    | mav_scraper.slender.slender:error:52 - Error fetching details for 5532258: 
2024-12-14 23:20:31.782 | ERROR    | mav_scraper.slender.slender:error:52 - Error fetching details for 5537638: 
2024-12-14 23:20:32.423 | ERROR    | mav_scraper.slender.slender:error:52 - Error fetching details for 556088: 
2024-12-14 23:20:32.920 | ERROR    | mav_scraper.slender.slender:error:52 - Error fetching details for 5532258: 
2024-12-14 23:20:40.213 | ERROR    | mav_scraper.slender.slender:error:52 - Error fetching details for 5537638: 
2024-12-14 23:20:40.747 | ERROR    | mav_scraper.slender.slender:error:52 - Error fetching details for 556088: 
2024-12-14 23:20:41.266 | ERROR    | mav_scraper.slender.slender:error:52 - Error fetching details for 5532258: 
2024-12-14 23:20:48.288 | ERROR    | mav_scraper.slender.slender:error:52 - Error fetching details for 554138: 
2024-12-14 23:20:48.862 | ERROR    | mav_scraper.slender.slender:error:52 - Error fetching details for 556098: 
2024-12-14 23:20:56.317 | ERROR    | mav_scraper.slender.slender:error:52 - Error fetching details for 554138: 
2024-12-14 23:20:57.134 | ERROR    | mav_scraper.slender.slender:error:52 - Error fetching details for 556098: 
2024-12-14 23:21:04.116 | ERROR    | mav_scraper.slender.slender:error:52 - Error fetching details for 556098: 
2024-12-14 23:21:04.634 | ERROR    | mav_scraper.slender.slender:error:52 - Error fetching details for 554138: 
2024-12-14 23:26:09.757 | ERROR    | mav_scraper.slender.slender:error:52 - Error fetching details for 553388: 
2024-12-14 23:26:10.224 | ERROR    | mav_scraper.slender.slender:error:52 - Error fetching details for 555008: 
2024-12-14 23:26:10.635 | ERROR    | mav_scraper.slender.slender:error:52 - Error fetching details for 552610: 
2024-12-14 23:26:17.000 | ERROR    | mav_scraper.slender.slender:error:52 - Error fetching details for 553388: 
2024-12-14 23:26:17.733 | ERROR    | mav_scraper.slender.slender:error:52 - Error fetching details for 555008: 
2024-12-14 23:26:18.391 | ERROR    | mav_scraper.slender.slender:error:52 - Error fetching details for 552610: 
2024-12-14 23:26:25.733 | ERROR    | mav_scraper.slender.slender:error:52 - Error fetching details for 553388: 
2024-12-14 23:26:26.129 | ERROR    | mav_scraper.slender.slender:error:52 - Error fetching details for 555008: 
2024-12-14 23:26:27.073 | ERROR    | mav_scraper.slender.slender:error:52 - Error fetching details for 552610: 
2024-12-14 23:26:34.572 | ERROR    | mav_scraper.slender.slender:error:52 - Error fetching details for 55347: 
2024-12-14 23:26:34.990 | ERROR    | mav_scraper.slender.slender:error:52 - Error fetching details for 555018: 
2024-12-14 23:26:35.477 | ERROR    | mav_scraper.slender.slender:error:52 - Error fetching details for 55149: 
2024-12-14 23:26:42.522 | ERROR    | mav_scraper.slender.slender:error:52 - Error fetching details for 55347: 
2024-12-14 23:26:43.329 | ERROR    | mav_scraper.slender.slender:error:52 - Error fetching details for 555018: 
2024-12-14 23:26:43.728 | ERROR    | mav_scraper.slender.slender:error:52 - Error fetching details for 55149: 
2024-12-14 23:26:50.688 | ERROR    | mav_scraper.slender.slender:error:52 - Error fetching details for 55347: 
2024-12-14 23:26:51.316 | ERROR    | mav_scraper.slender.slender:error:52 - Error fetching details for 555018: 
2024-12-14 23:26:51.746 | ERROR    | mav_scraper.slender.slender:error:52 - Error fetching details for 55149: 
2024-12-14 23:26:58.782 | ERROR    | mav_scraper.slender.slender:error:52 - Error fetching details for 552621: 
2024-12-14 23:26:59.457 | ERROR    | mav_scraper.slender.slender:error:52 - Error fetching details for 552010: 
2024-12-14 23:27:00.238 | ERROR    | mav_scraper.slender.slender:error:52 - Error fetching details for 5536028: 
2024-12-14 23:27:07.225 | ERROR    | mav_scraper.slender.slender:error:52 - Error fetching details for 552621: 
2024-12-14 23:27:07.635 | ERROR    | mav_scraper.slender.slender:error:52 - Error fetching details for 552010: 
2024-12-14 23:27:08.190 | ERROR    | mav_scraper.slender.slender:error:52 - Error fetching details for 5536028: 
2024-12-14 23:27:15.254 | ERROR    | mav_scraper.slender.slender:error:52 - Error fetching details for 552621: 
2024-12-14 23:27:15.664 | ERROR    | mav_scraper.slender.slender:error:52 - Error fetching details for 552010: 
2024-12-14 23:27:16.194 | ERROR    | mav_scraper.slender.slender:error:52 - Error fetching details for 5536028: 
2024-12-14 23:27:23.298 | ERROR    | mav_scraper.slender.slender:error:52 - Error fetching details for 555158: 
2024-12-14 23:27:23.703 | ERROR    | mav_scraper.slender.slender:error:52 - Error fetching details for 552638: 
2024-12-14 23:27:24.198 | ERROR    | mav_scraper.slender.slender:error:52 - Error fetching details for 552398: 
2024-12-14 23:27:31.375 | ERROR    | mav_scraper.slender.slender:error:52 - Error fetching details for 555158: 
2024-12-14 23:27:32.240 | ERROR    | mav_scraper.slender.slender:error:52 - Error fetching details for 552638: 
2024-12-14 23:27:32.664 | ERROR    | mav_scraper.slender.slender:error:52 - Error fetching details for 552398: 
2024-12-14 23:27:39.650 | ERROR    | mav_scraper.slender.slender:error:52 - Error fetching details for 555158: 
2024-12-14 23:27:40.333 | ERROR    | mav_scraper.slender.slender:error:52 - Error fetching details for 552638: 
2024-12-14 23:27:40.982 | ERROR    | mav_scraper.slender.slender:error:52 - Error fetching details for 552398: 
2024-12-14 23:27:48.500 | ERROR    | mav_scraper.slender.slender:error:52 - Error fetching details for 556098: 
2024-12-14 23:27:48.998 | ERROR    | mav_scraper.slender.slender:error:52 - Error fetching details for 5536658: 
2024-12-14 23:27:49.749 | ERROR    | mav_scraper.slender.slender:error:52 - Error fetching details for 552648: 
2024-12-14 23:27:56.766 | ERROR    | mav_scraper.slender.slender:error:52 - Error fetching details for 556098: 
2024-12-14 23:27:57.298 | ERROR    | mav_scraper.slender.slender:error:52 - Error fetching details for 5536658: 
2024-12-14 23:27:57.708 | ERROR    | mav_scraper.slender.slender:error:52 - Error fetching details for 552648: 
2024-12-14 23:28:04.806 | ERROR    | mav_scraper.slender.slender:error:52 - Error fetching details for 556098: 
2024-12-14 23:28:05.380 | ERROR    | mav_scraper.slender.slender:error:52 - Error fetching details for 5536658: 
2024-12-14 23:28:05.853 | ERROR    | mav_scraper.slender.slender:error:52 - Error fetching details for 552648: 
2024-12-14 23:28:12.899 | ERROR    | mav_scraper.slender.slender:error:52 - Error fetching details for 5537038: 
2024-12-14 23:28:13.779 | ERROR    | mav_scraper.slender.slender:error:52 - Error fetching details for 557028: 
2024-12-14 23:28:14.193 | ERROR    | mav_scraper.slender.slender:error:52 - Error fetching details for 552968: 
2024-12-14 23:28:21.158 | ERROR    | mav_scraper.slender.slender:error:52 - Error fetching details for 5537038: 
2024-12-14 23:28:21.783 | ERROR    | mav_scraper.slender.slender:error:52 - Error fetching details for 557028: 
2024-12-14 23:28:22.257 | ERROR    | mav_scraper.slender.slender:error:52 - Error fetching details for 552968: 
2024-12-14 23:28:29.421 | ERROR    | mav_scraper.slender.slender:error:52 - Error fetching details for 5537038: 
2024-12-14 23:28:30.145 | ERROR    | mav_scraper.slender.slender:error:52 - Error fetching details for 557028: 
2024-12-14 23:28:30.547 | ERROR    | mav_scraper.slender.slender:error:52 - Error fetching details for 552968: 
2024-12-14 23:28:37.573 | ERROR    | mav_scraper.slender.slender:error:52 - Error fetching details for 552510: 
2024-12-14 23:28:38.117 | ERROR    | mav_scraper.slender.slender:error:52 - Error fetching details for 554138: 
2024-12-14 23:28:38.517 | ERROR    | mav_scraper.slender.slender:error:52 - Error fetching details for 559068: 
2024-12-14 23:28:45.579 | ERROR    | mav_scraper.slender.slender:error:52 - Error fetching details for 552510: 
2024-12-14 23:28:46.112 | ERROR    | mav_scraper.slender.slender:error:52 - Error fetching details for 554138: 
2024-12-14 23:28:46.631 | ERROR    | mav_scraper.slender.slender:error:52 - Error fetching details for 559068: 
2024-12-14 23:28:53.626 | ERROR    | mav_scraper.slender.slender:error:52 - Error fetching details for 552510: 
2024-12-14 23:28:54.106 | ERROR    | mav_scraper.slender.slender:error:52 - Error fetching details for 554138: 
2024-12-14 23:28:54.575 | ERROR    | mav_scraper.slender.slender:error:52 - Error fetching details for 559068: 
2024-12-14 23:29:01.673 | ERROR    | mav_scraper.slender.slender:error:52 - Error fetching details for 553068: 
2024-12-14 23:29:02.314 | ERROR    | mav_scraper.slender.slender:error:52 - Error fetching details for 554770: 
2024-12-14 23:29:02.789 | ERROR    | mav_scraper.slender.slender:error:52 - Error fetching details for 5532258: 
2024-12-14 23:29:09.775 | ERROR    | mav_scraper.slender.slender:error:52 - Error fetching details for 553068: 
2024-12-14 23:29:10.266 | ERROR    | mav_scraper.slender.slender:error:52 - Error fetching details for 554770: 
2024-12-14 23:29:10.734 | ERROR    | mav_scraper.slender.slender:error:52 - Error fetching details for 5532258: 
2024-12-14 23:29:17.903 | ERROR    | mav_scraper.slender.slender:error:52 - Error fetching details for 553068: 
2024-12-14 23:29:18.308 | ERROR    | mav_scraper.slender.slender:error:52 - Error fetching details for 554770: 
2024-12-14 23:29:18.705 | ERROR    | mav_scraper.slender.slender:error:52 - Error fetching details for 5532258: 
2024-12-14 23:29:25.853 | ERROR    | mav_scraper.slender.slender:error:52 - Error fetching details for 552181: 
2024-12-14 23:29:26.278 | ERROR    | mav_scraper.slender.slender:error:52 - Error fetching details for 5516338: 
2024-12-14 23:29:26.678 | ERROR    | mav_scraper.slender.slender:error:52 - Error fetching details for 554810: 
2024-12-14 23:29:33.831 | ERROR    | mav_scraper.slender.slender:error:52 - Error fetching details for 552181: 
2024-12-14 23:29:34.284 | ERROR    | mav_scraper.slender.slender:error:52 - Error fetching details for 5516338: 
2024-12-14 23:29:34.682 | ERROR    | mav_scraper.slender.slender:error:52 - Error fetching details for 554810: 
2024-12-14 23:29:41.836 | ERROR    | mav_scraper.slender.slender:error:52 - Error fetching details for 552181: 
2024-12-14 23:29:42.272 | ERROR    | mav_scraper.slender.slender:error:52 - Error fetching details for 5516338: 
2024-12-14 23:29:42.678 | ERROR    | mav_scraper.slender.slender:error:52 - Error fetching details for 554810: 
2024-12-14 23:29:49.780 | ERROR    | mav_scraper.slender.slender:error:52 - Error fetching details for 552188: 
2024-12-14 23:29:50.266 | ERROR    | mav_scraper.slender.slender:error:52 - Error fetching details for 5533105: 
2024-12-14 23:29:50.718 | ERROR    | mav_scraper.slender.slender:error:52 - Error fetching details for 554951: 
2024-12-14 23:29:57.804 | ERROR    | mav_scraper.slender.slender:error:52 - Error fetching details for 552188: 
2024-12-14 23:29:58.325 | ERROR    | mav_scraper.slender.slender:error:52 - Error fetching details for 5533105: 
2024-12-14 23:29:58.734 | ERROR    | mav_scraper.slender.slender:error:52 - Error fetching details for 554951: 
2024-12-14 23:30:05.806 | ERROR    | mav_scraper.slender.slender:error:52 - Error fetching details for 552188: 
2024-12-14 23:30:06.282 | ERROR    | mav_scraper.slender.slender:error:52 - Error fetching details for 5533105: 
2024-12-14 23:30:06.744 | ERROR    | mav_scraper.slender.slender:error:52 - Error fetching details for 554951: 
2024-12-14 23:30:13.813 | ERROR    | mav_scraper.slender.slender:error:52 - Error fetching details for 553378: 
2024-12-14 23:30:14.288 | ERROR    | mav_scraper.slender.slender:error:52 - Error fetching details for 554968: 
2024-12-14 23:30:21.829 | ERROR    | mav_scraper.slender.slender:error:52 - Error fetching details for 553378: 
2024-12-14 23:30:22.276 | ERROR    | mav_scraper.slender.slender:error:52 - Error fetching details for 554968: 
2024-12-14 23:30:29.994 | ERROR    | mav_scraper.slender.slender:error:52 - Error fetching details for 553378: 
2024-12-14 23:30:30.443 | ERROR    | mav_scraper.slender.slender:error:52 - Error fetching details for 554968: 
